2026-04-15 01:26:29,742 [INFO] Loading CSV: output/prices.csv
2026-04-15 01:26:29,749 [INFO] Rows to verify: 12 / 12  (concurrency=5  fuzzy_threshold=85)
2026-04-15 01:26:30,015 [INFO] All tasks dispatched – awaiting completion …
2026-04-15 01:26:33,063 [INFO] [HOTEL CAFE PALAIS SALAM , Beni Mellal] ✓ fuzzy match (100.0) on first card → scraping price
2026-04-15 01:26:33,085 [INFO] [Hotel Al Bassatine] First card 'Hotel SunSet Beni Mellal' (score=38.1) < threshold — clicking Search
2026-04-15 01:26:33,488 [INFO] [HOTEL CAFE PALAIS SALAM , Beni Mellal] ✓ price=539.00  url=https://www.booking.com/searchresults.html?ss=HOTEL%20CAFE%2
2026-04-15 01:26:33,517 [INFO] [Hotel La Luna] ✓ fuzzy match (100.0) on first card → scraping price
2026-04-15 01:26:33,638 [INFO] [VELSATIS] First card 'Complexe El Bassatine' (score=41.4) < threshold — clicking Search
2026-04-15 01:26:33,812 [INFO] [Hotel La Luna] ✓ price=544.00  url=https://www.booking.com/searchresults.html?ss=Hotel%20La%20L
2026-04-15 01:26:33,996 [INFO] [Appart Hotel Golden Sky Home] ✓ fuzzy match (96.4) on first card → scraping price
2026-04-15 01:26:34,080 [INFO] [Appart Hotel Golden Sky Home] ✓ price=911.00  url=https://www.booking.com/searchresults.html?ss=Appart%20Hotel
2026-04-15 01:26:36,749 [INFO] [Welcome Home] ✓ fuzzy match (100.0) on first card → scraping price
2026-04-15 01:26:37,030 [INFO] [Welcome Home] ✓ price=499.00  url=https://www.booking.com/searchresults.html?ss=Welcome%20Home
2026-04-15 01:26:37,093 [INFO] [Appartement Ain Asserdoun] ✓ fuzzy match (100.0) on first card → scraping price
2026-04-15 01:26:37,242 [INFO] [Hotel Achokre] ✓ fuzzy match (100.0) on first card → scraping price
2026-04-15 01:26:37,255 [WARNING] [Appartement Ain Asserdoun] ✗ matched card but no price extracted
2026-04-15 01:26:37,372 [INFO] [Hotel Achokre] ✓ price=392.00  url=https://www.booking.com/searchresults.html?ss=Hotel%20Achokr
2026-04-15 01:26:37,786 [WARNING] [Hotel Al Bassatine] ✗ MATCH_FAIL — post-search card 'Hotel SunSet Beni Mellal' (score=38.1)
2026-04-15 01:26:38,293 [WARNING] [VELSATIS] ✗ MATCH_FAIL — post-search card 'Complexe El Bassatine' (score=41.4)
2026-04-15 01:26:39,799 [INFO] [Beni mellal] First card 'Complexe El Bassatine' (score=31.2) < threshold — clicking Search
2026-04-15 01:26:40,166 [INFO] [Appartement à beni mellal] ✓ fuzzy match (100.0) on first card → scraping price
2026-04-15 01:26:40,422 [WARNING] [Appartement à beni mellal] ✗ matched card but no price extracted
2026-04-15 01:26:40,496 [INFO] [Villa SKYVIEW] First card 'SkyView Villa' (score=53.8) < threshold — clicking Search
2026-04-15 01:26:40,588 [INFO] [iliy House] ✓ fuzzy match (100.0) on first card → scraping price
2026-04-15 01:26:40,668 [WARNING] [iliy House] ✗ matched card but no price extracted
2026-04-15 01:26:43,784 [WARNING] [Beni mellal] ✗ MATCH_FAIL — post-search card 'Complexe El Bassatine' (score=31.2)
2026-04-15 01:26:44,576 [WARNING] [Villa SKYVIEW] ✗ MATCH_FAIL — post-search card 'SkyView Villa' (score=53.8)